D:/github-owner/ep-monorepo/packages/hooks/index.ts
D:/github-owner/ep-monorepo/packages/hooks/use-aria/index.ts
D:/github-owner/ep-monorepo/packages/hooks/use-composition/index.ts
D:/github-owner/ep-monorepo/packages/hooks/use-attrs/index.ts
D:/github-owner/ep-monorepo/packages/hooks/use-calc-input-width/index.ts
D:/github-owner/ep-monorepo/packages/hooks/use-cursor/index.ts
D:/github-owner/ep-monorepo/packages/hooks/use-delayed-toggle/index.ts
D:/github-owner/ep-monorepo/packages/hooks/use-deprecated/index.ts
D:/github-owner/ep-monorepo/packages/hooks/use-draggable/index.ts
D:/github-owner/ep-monorepo/packages/hooks/use-empty-values/index.ts
D:/github-owner/ep-monorepo/packages/hooks/use-focus/index.ts
D:/github-owner/ep-monorepo/packages/hooks/use-escape-keydown/index.ts
D:/github-owner/ep-monorepo/packages/hooks/use-floating/index.ts
D:/github-owner/ep-monorepo/packages/hooks/use-forward-ref/index.ts
D:/github-owner/ep-monorepo/packages/hooks/use-focus-controller/index.ts
D:/github-owner/ep-monorepo/packages/hooks/use-id/index.ts
D:/github-owner/ep-monorepo/packages/hooks/use-intermediate-render/index.ts
D:/github-owner/ep-monorepo/packages/hooks/use-locale/index.ts
D:/github-owner/ep-monorepo/packages/hooks/use-lockscreen/index.ts
D:/github-owner/ep-monorepo/packages/hooks/use-namespace/index.ts
D:/github-owner/ep-monorepo/packages/hooks/use-modal/index.ts
D:/github-owner/ep-monorepo/packages/hooks/use-model-toggle/index.ts
D:/github-owner/ep-monorepo/packages/hooks/use-popper/index.ts
D:/github-owner/ep-monorepo/packages/hooks/use-ordered-children/index.ts
D:/github-owner/ep-monorepo/packages/hooks/use-popper-container/index.ts
D:/github-owner/ep-monorepo/packages/hooks/use-prop/index.ts
D:/github-owner/ep-monorepo/packages/hooks/use-prevent-global/index.ts
D:/github-owner/ep-monorepo/packages/hooks/use-same-target/index.ts
D:/github-owner/ep-monorepo/packages/hooks/use-size/index.ts
D:/github-owner/ep-monorepo/packages/hooks/use-teleport/index.ts
D:/github-owner/ep-monorepo/packages/hooks/use-transition-fallthrough/index.ts
D:/github-owner/ep-monorepo/packages/hooks/use-throttle-render/index.ts
D:/github-owner/ep-monorepo/packages/hooks/use-timeout/index.ts
D:/github-owner/ep-monorepo/packages/hooks/use-z-index/index.ts